mode: set
github.com/nmarsollier/commongo/db/collection.go:29.31,32.32 2 0
github.com/nmarsollier/commongo/db/collection.go:32.32,40.17 2 0
github.com/nmarsollier/commongo/db/collection.go:40.17,44.4 3 0
github.com/nmarsollier/commongo/db/collection.go:46.2,46.16 1 0
github.com/nmarsollier/commongo/db/collection.go:46.16,50.3 3 0
github.com/nmarsollier/commongo/db/collection.go:52.2,55.8 1 0
github.com/nmarsollier/commongo/db/collection.go:63.97,64.85 1 0
github.com/nmarsollier/commongo/db/collection.go:64.85,67.3 2 0
github.com/nmarsollier/commongo/db/collection.go:68.2,68.12 1 0
github.com/nmarsollier/commongo/db/collection.go:71.110,73.16 2 0
github.com/nmarsollier/commongo/db/collection.go:73.16,76.3 2 0
github.com/nmarsollier/commongo/db/collection.go:77.2,77.35 1 0
github.com/nmarsollier/commongo/db/collection.go:80.128,82.16 2 0
github.com/nmarsollier/commongo/db/collection.go:82.16,85.3 2 0
github.com/nmarsollier/commongo/db/collection.go:86.2,86.38 1 0
github.com/nmarsollier/commongo/db/collection.go:89.97,91.16 2 0
github.com/nmarsollier/commongo/db/collection.go:91.16,94.3 2 0
github.com/nmarsollier/commongo/db/collection.go:95.2,95.31 1 0
github.com/nmarsollier/commongo/db/collection.go:104.45,108.2 1 0
github.com/nmarsollier/commongo/db/collection.go:114.56,116.2 1 0
github.com/nmarsollier/commongo/db/collection.go:118.54,120.2 1 0
github.com/nmarsollier/commongo/db/collection.go:121.53,123.2 1 0
github.com/nmarsollier/commongo/db/collection.go:125.134,127.16 2 0
github.com/nmarsollier/commongo/db/collection.go:127.16,129.3 1 0
github.com/nmarsollier/commongo/db/collection.go:130.2,130.38 1 0
github.com/nmarsollier/commongo/db/database.go:14.28,18.16 3 0
github.com/nmarsollier/commongo/db/database.go:18.16,20.3 1 0
github.com/nmarsollier/commongo/db/database.go:22.2,24.22 2 0
