mode: set
github.com/nmarsollier/commongo/rbt/consume_event.go:21.9,25.16 3 0
github.com/nmarsollier/commongo/rbt/consume_event.go:25.16,28.3 2 0
github.com/nmarsollier/commongo/rbt/consume_event.go:29.2,32.16 3 0
github.com/nmarsollier/commongo/rbt/consume_event.go:32.16,35.3 2 0
github.com/nmarsollier/commongo/rbt/consume_event.go:36.2,47.16 3 0
github.com/nmarsollier/commongo/rbt/consume_event.go:47.16,50.3 2 0
github.com/nmarsollier/commongo/rbt/consume_event.go:52.2,60.16 2 0
github.com/nmarsollier/commongo/rbt/consume_event.go:60.16,63.3 2 0
github.com/nmarsollier/commongo/rbt/consume_event.go:65.2,71.16 2 0
github.com/nmarsollier/commongo/rbt/consume_event.go:71.16,74.3 2 0
github.com/nmarsollier/commongo/rbt/consume_event.go:76.2,85.16 2 0
github.com/nmarsollier/commongo/rbt/consume_event.go:85.16,88.3 2 0
github.com/nmarsollier/commongo/rbt/consume_event.go:90.2,90.12 1 0
github.com/nmarsollier/commongo/rbt/consume_event.go:90.12,91.22 1 0
github.com/nmarsollier/commongo/rbt/consume_event.go:91.22,96.18 4 0
github.com/nmarsollier/commongo/rbt/consume_event.go:96.18,106.40 4 0
github.com/nmarsollier/commongo/rbt/consume_event.go:106.40,108.6 1 0
github.com/nmarsollier/commongo/rbt/consume_event.go:108.11,110.6 1 0
github.com/nmarsollier/commongo/rbt/consume_event.go:111.10,113.5 1 0
github.com/nmarsollier/commongo/rbt/consume_event.go:117.2,119.12 2 0
github.com/nmarsollier/commongo/rbt/consume_event.go:129.57,132.21 2 0
github.com/nmarsollier/commongo/rbt/consume_event.go:132.21,134.3 1 0
github.com/nmarsollier/commongo/rbt/consume_event.go:136.2,136.14 1 0
github.com/nmarsollier/commongo/rbt/publisher.go:31.31,33.16 2 0
github.com/nmarsollier/commongo/rbt/publisher.go:33.16,36.3 2 0
github.com/nmarsollier/commongo/rbt/publisher.go:38.2,39.16 2 0
github.com/nmarsollier/commongo/rbt/publisher.go:39.16,42.3 2 0
github.com/nmarsollier/commongo/rbt/publisher.go:44.2,50.8 1 0
github.com/nmarsollier/commongo/rbt/publisher.go:53.93,63.2 1 0
github.com/nmarsollier/commongo/rbt/publisher.go:65.52,67.2 1 0
github.com/nmarsollier/commongo/rbt/publisher.go:69.97,71.2 1 0
github.com/nmarsollier/commongo/rbt/publisher.go:73.90,75.2 1 0
github.com/nmarsollier/commongo/rbt/publisher.go:77.128,84.16 4 0
github.com/nmarsollier/commongo/rbt/publisher.go:84.16,87.3 2 0
github.com/nmarsollier/commongo/rbt/publisher.go:89.2,97.16 3 0
github.com/nmarsollier/commongo/rbt/publisher.go:97.16,100.3 2 0
github.com/nmarsollier/commongo/rbt/publisher.go:102.2,111.16 2 0
github.com/nmarsollier/commongo/rbt/publisher.go:111.16,114.3 2 0
github.com/nmarsollier/commongo/rbt/publisher.go:116.2,118.12 2 0
github.com/nmarsollier/commongo/rbt/publisher.go:121.55,123.2 1 0
github.com/nmarsollier/commongo/rbt/publisher.go:132.91,136.2 1 0
