mode: set
github.com/nmarsollier/commongo/rst/error_handler.go:12.35,16.2 2 0
github.com/nmarsollier/commongo/rst/error_handler.go:18.42,20.20 2 0
github.com/nmarsollier/commongo/rst/error_handler.go:20.20,22.3 1 0
github.com/nmarsollier/commongo/rst/error_handler.go:24.2,25.16 2 0
github.com/nmarsollier/commongo/rst/error_handler.go:25.16,27.3 1 0
github.com/nmarsollier/commongo/rst/error_handler.go:29.2,29.21 1 0
github.com/nmarsollier/commongo/rst/error_handler.go:33.51,35.29 1 0
github.com/nmarsollier/commongo/rst/error_handler.go:36.22,38.25 1 0
github.com/nmarsollier/commongo/rst/error_handler.go:39.23,41.19 1 0
github.com/nmarsollier/commongo/rst/error_handler.go:42.34,44.34 1 0
github.com/nmarsollier/commongo/rst/error_handler.go:45.13,49.5 1 0
github.com/nmarsollier/commongo/rst/error_handler.go:50.10,52.33 1 0
github.com/nmarsollier/commongo/rst/error_handler.go:56.89,59.37 2 0
github.com/nmarsollier/commongo/rst/error_handler.go:59.37,61.3 1 0
github.com/nmarsollier/commongo/rst/error_handler.go:63.2,63.18 1 0
github.com/nmarsollier/commongo/rst/error_handler.go:66.55,68.2 1 0
github.com/nmarsollier/commongo/rst/tools.go:13.53,15.65 2 0
github.com/nmarsollier/commongo/rst/tools.go:15.65,17.3 1 0
github.com/nmarsollier/commongo/rst/tools.go:18.2,18.29 1 0
github.com/nmarsollier/commongo/rst/tools.go:21.85,27.2 1 0
github.com/nmarsollier/commongo/rst/tools.go:29.46,32.21 2 0
github.com/nmarsollier/commongo/rst/tools.go:32.21,34.3 1 0
github.com/nmarsollier/commongo/rst/tools.go:36.2,36.14 1 0
github.com/nmarsollier/commongo/rst/tools.go:39.48,42.2 2 0
